parmake_sub_03: started pmake_worker()
parmake_sub_03: Listening for job
parmake_sub_03: got job: (<function parmake_job2 at 0x7f551edf78c0>, ('autogenerated.book.yaml-02_instructions-groupname-c400932c-fb91e0ac-source_info', <compmake.context.Context object at 0x7f5516239790>, '140003421696912', False))
parmake_sub_03: result: {'user_object': None, 'user_object_deps': set(), 'new_jobs': [], 'deleted_jobs': set()}
parmake_sub_03: putting result in result_queue..
parmake_sub_03: (done)
parmake_sub_03: ...done.
parmake_sub_03: Listening for job
parmake_sub_03: got job: (<function parmake_job2 at 0x7f551edf78c0>, ('autogenerated.book.yaml-00_demos_op-manual_part-07a37464-ed978404-source_info', <compmake.context.Context object at 0x7f5515df5d10>, '140003421696912', False))
parmake_sub_03: result: {'user_object': None, 'user_object_deps': set(), 'new_jobs': [], 'deleted_jobs': set()}
parmake_sub_03: putting result in result_queue..
parmake_sub_03: (done)
parmake_sub_03: ...done.
parmake_sub_03: Listening for job
parmake_sub_03: got job: (<function parmake_job2 at 0x7f551edf78c0>, ('autogenerated.book.yaml-02_instructions-real-time-object-detection-1c9fd4ad-fb91e0ac-source_info', <compmake.context.Context object at 0x7f5515d79fd0>, '140003421696912', False))
parmake_sub_03: result: {'user_object': None, 'user_object_deps': set(), 'new_jobs': [], 'deleted_jobs': set()}
parmake_sub_03: putting result in result_queue..
parmake_sub_03: (done)
parmake_sub_03: ...done.
parmake_sub_03: Listening for job
parmake_sub_03: got job: (<function parmake_job2 at 0x7f551edf78c0>, ('autogenerated.book.yaml-80_caffe_tensorflow-50a3f328-4a6274bd', <compmake.context.Context object at 0x7f5515d79610>, '140003421696912', False))
parmake_sub_03: result: {'user_object': None, 'user_object_deps': set(), 'new_jobs': [], 'deleted_jobs': set()}
parmake_sub_03: putting result in result_queue..
parmake_sub_03: (done)
parmake_sub_03: ...done.
parmake_sub_03: Listening for job
parmake_sub_03: got job: (<function parmake_job2 at 0x7f551edf78c0>, ('autogenerated.book.yaml-10_op-manual_demoname_template-753e17f9-2a34a1a9-source_info', <compmake.context.Context object at 0x7f5515dfe910>, '140003421696912', False))
parmake_sub_03: result: {'user_object': None, 'user_object_deps': set(), 'new_jobs': [], 'deleted_jobs': set()}
parmake_sub_03: putting result in result_queue..
parmake_sub_03: (done)
parmake_sub_03: ...done.
parmake_sub_03: Listening for job
parmake_sub_03: got job: (<function parmake_job2 at 0x7f551edf78c0>, ('autogenerated.book.yaml-00_project_reports-af2ec6c2-caf9eda0', <compmake.context.Context object at 0x7f5515dfe350>, '140003421696912', False))
parmake_sub_03: result: {'user_object': None, 'user_object_deps': set(), 'new_jobs': [], 'deleted_jobs': set()}
parmake_sub_03: putting result in result_queue..
parmake_sub_03: (done)
parmake_sub_03: ...done.
parmake_sub_03: Listening for job
parmake_sub_03: got job: (<function parmake_job2 at 0x7f551edf78c0>, ('autogenerated.book.yaml-01_project-report-real-time-object-detection-1843bd78-90e67ca4-source_info', <compmake.context.Context object at 0x7f5515a54290>, '140003421696912', False))
parmake_sub_03: result: {'user_object': None, 'user_object_deps': set(), 'new_jobs': [], 'deleted_jobs': set()}
parmake_sub_03: putting result in result_queue..
parmake_sub_03: (done)
parmake_sub_03: ...done.
parmake_sub_03: Listening for job
parmake_sub_03: got job: (<function parmake_job2 at 0x7f551edf78c0>, ('autogenerated.book.yaml-00_final_reports_part-bc8afebf-ecc030c9', <compmake.context.Context object at 0x7f5515673210>, '140003421696912', False))
parmake_sub_03: result: {'user_object': None, 'user_object_deps': set(), 'new_jobs': [], 'deleted_jobs': set()}
parmake_sub_03: putting result in result_queue..
parmake_sub_03: (done)
parmake_sub_03: ...done.
parmake_sub_03: Listening for job
parmake_sub_03: got job: (<function parmake_job2 at 0x7f551edf78c0>, ('autogenerated.book.yaml-01_project-report-real-time-object-detection-1843bd78-90e67ca4', <compmake.context.Context object at 0x7f551568cf90>, '140003421696912', False))
parmake_sub_03: result: {'user_object': None, 'user_object_deps': set(), 'new_jobs': [], 'deleted_jobs': set()}
parmake_sub_03: putting result in result_queue..
parmake_sub_03: (done)
parmake_sub_03: ...done.
parmake_sub_03: Listening for job
parmake_sub_03: Could not receive anything.
parmake_sub_03: Listening for job
parmake_sub_03: Could not receive anything.
parmake_sub_03: Listening for job
parmake_sub_03: got job: (<function parmake_job2 at 0x7f551edf78c0>, ('autogenerated.book.yaml-pdf_printable-mark_errors_and_rest', <compmake.context.Context object at 0x7f5515a54290>, '140003421696912', False))
parmake_sub_03: result: {'user_object': None, 'user_object_deps': set(), 'new_jobs': [], 'deleted_jobs': set()}
parmake_sub_03: putting result in result_queue..
parmake_sub_03: (done)
parmake_sub_03: ...done.
parmake_sub_03: Listening for job
parmake_sub_03: got job: (<function parmake_job2 at 0x7f551edf78c0>, ('autogenerated.book.yaml-pdf_printable-add_style', <compmake.context.Context object at 0x7f5515673210>, '140003421696912', False))
parmake_sub_03: result: {'user_object': None, 'user_object_deps': set(), 'new_jobs': [], 'deleted_jobs': set()}
parmake_sub_03: putting result in result_queue..
parmake_sub_03: (done)
parmake_sub_03: ...done.
parmake_sub_03: Listening for job
parmake_sub_03: got job: (<function parmake_job2 at 0x7f551edf78c0>, ('autogenerated.book.yaml-pdf_printable-prerender', <compmake.context.Context object at 0x7f55141d6750>, '140003421696912', False))
parmake_sub_03: result: {'user_object': None, 'user_object_deps': set(), 'new_jobs': [], 'deleted_jobs': set()}
parmake_sub_03: putting result in result_queue..
parmake_sub_03: (done)
parmake_sub_03: ...done.
parmake_sub_03: Listening for job
parmake_sub_03: got job: (<function parmake_job2 at 0x7f551edf78c0>, ('autogenerated.book.yaml-html_draft-b3e1-go_worker-2', <compmake.context.Context object at 0x7f551420ee10>, '140003421696912', False))
parmake_sub_03: result: {'user_object': None, 'user_object_deps': {'autogenerated.book.yaml-html_draft-b3e1-wait_assets-2'}, 'new_jobs': {'autogenerated.book.yaml-html_draft-b3e1-template_final_report_amod_19.html-955bbac8-assets', 'autogenerated.book.yaml-html_draft-b3e1-real_time_object_detection_final_report.html-b2977ef0-assets', 'autogenerated.book.yaml-html_draft-b3e1-caffe_tensorflow_install.html-628ab99e-assets', 'autogenerated.book.yaml-html_draft-b3e1-remove_spurious-2', 'autogenerated.book.yaml-html_draft-b3e1-ncsdk_how_to.html-60bbef50-assets', 'autogenerated.book.yaml-html_draft-b3e1-demo_template.html-cb6c9923-assets', 'autogenerated.book.yaml-html_draft-b3e1-groupname_final_report.html-30b0975d-assets', 'autogenerated.book.yaml-html_draft-b3e1-wait_assets-2', 'autogenerated.book.yaml-html_draft-b3e1-caffe_tensorflow.html-dc363808-assets'}, 'deleted_jobs': set()}
parmake_sub_03: putting result in result_queue..
parmake_sub_03: (done)
parmake_sub_03: ...done.
parmake_sub_03: Listening for job
parmake_sub_03: got job: (<function parmake_job2 at 0x7f551edf78c0>, ('autogenerated.book.yaml-html_draft-b3e1-remove_spurious-2', <compmake.context.Context object at 0x7f55157c5810>, '140003421696912', False))
parmake_sub_03: result: {'user_object': None, 'user_object_deps': set(), 'new_jobs': [], 'deleted_jobs': set()}
parmake_sub_03: putting result in result_queue..
parmake_sub_03: (done)
parmake_sub_03: ...done.
parmake_sub_03: Listening for job
parmake_sub_03: got job: (<function parmake_job2 at 0x7f551edf78c0>, ('autogenerated.book.yaml-html_draft-b3e1-demo_template.html-cb6c9923-assets', <compmake.context.Context object at 0x7f551420e890>, '140003421696912', False))
parmake_sub_03: result: {'user_object': None, 'user_object_deps': set(), 'new_jobs': [], 'deleted_jobs': set()}
parmake_sub_03: putting result in result_queue..
parmake_sub_03: (done)
parmake_sub_03: ...done.
parmake_sub_03: Listening for job
parmake_sub_03: got job: (<function parmake_job2 at 0x7f551edf78c0>, ('autogenerated.book.yaml-html_ready-3379-_dynreports_getres-2', <compmake.context.Context object at 0x7f55141e9190>, '140003421696912', False))
parmake_sub_03: result: {'user_object': None, 'user_object_deps': set(), 'new_jobs': [], 'deleted_jobs': set()}
parmake_sub_03: putting result in result_queue..
parmake_sub_03: (done)
parmake_sub_03: ...done.
parmake_sub_03: Listening for job
parmake_sub_03: got job: (<function parmake_job2 at 0x7f551edf78c0>, ('autogenerated.book.yaml-html_draft-b3e1-real_time_object_detection_final_report.html-b2977ef0-assets', <compmake.context.Context object at 0x7f551420fb90>, '140003421696912', False))
parmake_sub_03: result: {'user_object': None, 'user_object_deps': set(), 'new_jobs': [], 'deleted_jobs': set()}
parmake_sub_03: putting result in result_queue..
parmake_sub_03: (done)
parmake_sub_03: ...done.
parmake_sub_03: Listening for job
parmake_sub_03: got job: (<function parmake_job2 at 0x7f551edf78c0>, ('autogenerated.book.yaml-html_draft-b3e1-template_final_report_amod_19.html-955bbac8-assets', <compmake.context.Context object at 0x7f551420fb50>, '140003421696912', False))
parmake_sub_03: result: {'user_object': None, 'user_object_deps': set(), 'new_jobs': [], 'deleted_jobs': set()}
parmake_sub_03: putting result in result_queue..
parmake_sub_03: (done)
parmake_sub_03: ...done.
parmake_sub_03: Listening for job
parmake_sub_03: got job: (<function parmake_job2 at 0x7f551edf78c0>, ('autogenerated.book.yaml-html_draft-b3e1-_dynreports_getbra-2', <compmake.context.Context object at 0x7f550f8ab990>, '140003421696912', False))
parmake_sub_03: result: {'user_object': None, 'user_object_deps': set(), 'new_jobs': [], 'deleted_jobs': set()}
parmake_sub_03: putting result in result_queue..
parmake_sub_03: (done)
parmake_sub_03: ...done.
parmake_sub_03: Listening for job
parmake_sub_03: got job: (<function parmake_job2 at 0x7f551edf78c0>, ('autogenerated.book.yaml-html_draft-b3e1-_dynreports_merge', <compmake.context.Context object at 0x7f551420bfd0>, '140003421696912', False))
parmake_sub_03: result: {'user_object': None, 'user_object_deps': set(), 'new_jobs': [], 'deleted_jobs': set()}
parmake_sub_03: putting result in result_queue..
parmake_sub_03: (done)
parmake_sub_03: ...done.
parmake_sub_03: Listening for job
parmake_sub_03: got job: (<function parmake_job2 at 0x7f551edf78c0>, ('autogenerated.book.yaml-html_ready-_dynreports_getres', <compmake.context.Context object at 0x7f550f89d290>, '140003421696912', False))
parmake_sub_03: result: {'user_object': None, 'user_object_deps': set(), 'new_jobs': [], 'deleted_jobs': set()}
parmake_sub_03: putting result in result_queue..
parmake_sub_03: (done)
parmake_sub_03: ...done.
parmake_sub_03: Listening for job
parmake_sub_03: Received EXIT_TOKEN.
parmake_sub_03: saving coverage
parmake_sub_03: saved coverage
parmake_sub_03: clean exit.
