parmake_sub_02: started pmake_worker()
parmake_sub_02: Listening for job
parmake_sub_02: got job: (<function parmake_job2 at 0x7fee2d7198c0>, ('autogenerated.book.yaml-90_neural_compute_stick-a4dc66d0-44211447', <compmake.context.Context object at 0x7fee24b6e810>, '140660796161872', False))
parmake_sub_02: result: {'user_object': None, 'user_object_deps': set(), 'new_jobs': [], 'deleted_jobs': set()}
parmake_sub_02: putting result in result_queue..
parmake_sub_02: (done)
parmake_sub_02: ...done.
parmake_sub_02: Listening for job
parmake_sub_02: got job: (<function parmake_job2 at 0x7fee2d7198c0>, ('autogenerated.book.yaml-70_pytorch-eedb8c4a-47a377b1-source_info', <compmake.context.Context object at 0x7fee24770d10>, '140660796161872', False))
parmake_sub_02: result: {'user_object': None, 'user_object_deps': set(), 'new_jobs': [], 'deleted_jobs': set()}
parmake_sub_02: putting result in result_queue..
parmake_sub_02: (done)
parmake_sub_02: ...done.
parmake_sub_02: Listening for job
parmake_sub_02: got job: (<function parmake_job2 at 0x7fee2d7198c0>, ('autogenerated.book.yaml-01_project-report-groupname-dd6d5676-2414ce46-source_info', <compmake.context.Context object at 0x7fee24719f90>, '140660796161872', False))
parmake_sub_02: result: {'user_object': None, 'user_object_deps': set(), 'new_jobs': [], 'deleted_jobs': set()}
parmake_sub_02: putting result in result_queue..
parmake_sub_02: (done)
parmake_sub_02: ...done.
parmake_sub_02: Listening for job
parmake_sub_02: got job: (<function parmake_job2 at 0x7fee2d7198c0>, ('autogenerated.book.yaml-10_op-manual_demoname_template-753e17f9-2a34a1a9-source_info', <compmake.context.Context object at 0x7fee24719e90>, '140660796161872', False))
parmake_sub_02: result: {'user_object': None, 'user_object_deps': set(), 'new_jobs': [], 'deleted_jobs': set()}
parmake_sub_02: putting result in result_queue..
parmake_sub_02: (done)
parmake_sub_02: ...done.
parmake_sub_02: Listening for job
parmake_sub_02: got job: (<function parmake_job2 at 0x7fee2d7198c0>, ('autogenerated.book.yaml-01_project-report-groupname-dd6d5676-2414ce46', <compmake.context.Context object at 0x7fee240ea450>, '140660796161872', False))
parmake_sub_02: result: {'user_object': None, 'user_object_deps': set(), 'new_jobs': [], 'deleted_jobs': set()}
parmake_sub_02: putting result in result_queue..
parmake_sub_02: (done)
parmake_sub_02: ...done.
parmake_sub_02: Listening for job
parmake_sub_02: got job: (<function parmake_job2 at 0x7fee2d7198c0>, ('autogenerated.book.yaml-10_final-report-groupname-template-fab74319-8192826e', <compmake.context.Context object at 0x7fee24719f90>, '140660796161872', False))
parmake_sub_02: result: {'user_object': None, 'user_object_deps': set(), 'new_jobs': [], 'deleted_jobs': set()}
parmake_sub_02: putting result in result_queue..
parmake_sub_02: (done)
parmake_sub_02: ...done.
parmake_sub_02: Listening for job
parmake_sub_02: got job: (<function parmake_job2 at 0x7fee2d7198c0>, ('autogenerated.book.yaml-00_project_reports-af2ec6c2-caf9eda0-source_info', <compmake.context.Context object at 0x7fee24165750>, '140660796161872', False))
parmake_sub_02: result: {'user_object': None, 'user_object_deps': set(), 'new_jobs': [], 'deleted_jobs': set()}
parmake_sub_02: putting result in result_queue..
parmake_sub_02: (done)
parmake_sub_02: ...done.
parmake_sub_02: Listening for job
parmake_sub_02: got job: (<function parmake_job2 at 0x7fee2d7198c0>, ('autogenerated.book.yaml-00_caffe_part-6044fc50-a1a4d554', <compmake.context.Context object at 0x7fee240ea450>, '140660796161872', False))
parmake_sub_02: result: {'user_object': None, 'user_object_deps': set(), 'new_jobs': [], 'deleted_jobs': set()}
parmake_sub_02: putting result in result_queue..
parmake_sub_02: (done)
parmake_sub_02: ...done.
parmake_sub_02: Listening for job
parmake_sub_02: Could not receive anything.
parmake_sub_02: Listening for job
parmake_sub_02: Could not receive anything.
parmake_sub_02: Listening for job
parmake_sub_02: Could not receive anything.
parmake_sub_02: Listening for job
parmake_sub_02: Could not receive anything.
parmake_sub_02: Listening for job
parmake_sub_02: got job: (<function parmake_job2 at 0x7fee2d7198c0>, ('autogenerated.book.yaml-pdf_tablet-mark_errors_and_rest', <compmake.context.Context object at 0x7fee243c7b90>, '140660796161872', False))
parmake_sub_02: result: {'user_object': None, 'user_object_deps': set(), 'new_jobs': [], 'deleted_jobs': set()}
parmake_sub_02: putting result in result_queue..
parmake_sub_02: (done)
parmake_sub_02: ...done.
parmake_sub_02: Listening for job
parmake_sub_02: got job: (<function parmake_job2 at 0x7fee2d7198c0>, ('autogenerated.book.yaml-html_draft-write_ustring_res', <compmake.context.Context object at 0x7fee24165750>, '140660796161872', False))
parmake_sub_02: result: {'user_object': None, 'user_object_deps': set(), 'new_jobs': [], 'deleted_jobs': set()}
parmake_sub_02: putting result in result_queue..
parmake_sub_02: (done)
parmake_sub_02: ...done.
parmake_sub_02: Listening for job
parmake_sub_02: got job: (<function parmake_job2 at 0x7fee2d7198c0>, ('autogenerated.book.yaml-pdf_printable-add_style', <compmake.context.Context object at 0x7fee26e69810>, '140660796161872', False))
parmake_sub_02: result: {'user_object': None, 'user_object_deps': set(), 'new_jobs': [], 'deleted_jobs': set()}
parmake_sub_02: putting result in result_queue..
parmake_sub_02: (done)
parmake_sub_02: ...done.
parmake_sub_02: Listening for job
parmake_sub_02: got job: (<function parmake_job2 at 0x7fee2d7198c0>, ('autogenerated.book.yaml-pdf_printable-prerender', <compmake.context.Context object at 0x7fee1fef9750>, '140660796161872', False))
parmake_sub_02: result: {'user_object': None, 'user_object_deps': set(), 'new_jobs': [], 'deleted_jobs': set()}
parmake_sub_02: putting result in result_queue..
parmake_sub_02: (done)
parmake_sub_02: ...done.
parmake_sub_02: Listening for job
parmake_sub_02: got job: (<function parmake_job2 at 0x7fee2d7198c0>, ('autogenerated.book.yaml-html_draft-d92c-go_worker-2', <compmake.context.Context object at 0x7fee242e1090>, '140660796161872', False))
parmake_sub_02: result: {'user_object': None, 'user_object_deps': {'autogenerated.book.yaml-html_draft-d92c-wait_assets-2'}, 'new_jobs': {'autogenerated.book.yaml-html_draft-d92c-real_time_object_detection_final_report.html-c7bf1383-assets', 'autogenerated.book.yaml-html_draft-d92c-remove_spurious-2', 'autogenerated.book.yaml-html_draft-d92c-ncsdk_how_to.html-51db335a-assets', 'autogenerated.book.yaml-html_draft-d92c-caffe_tensorflow.html-53251fb0-assets', 'autogenerated.book.yaml-html_draft-d92c-demo_template.html-9f592ed8-assets', 'autogenerated.book.yaml-html_draft-d92c-groupname_final_report.html-9a6d11c5-assets', 'autogenerated.book.yaml-html_draft-d92c-wait_assets-2', 'autogenerated.book.yaml-html_draft-d92c-template_final_report_amod_19.html-3976ee67-assets', 'autogenerated.book.yaml-html_draft-d92c-caffe_tensorflow_install.html-144bb183-assets'}, 'deleted_jobs': set()}
parmake_sub_02: putting result in result_queue..
parmake_sub_02: (done)
parmake_sub_02: ...done.
parmake_sub_02: Listening for job
parmake_sub_02: got job: (<function parmake_job2 at 0x7fee2d7198c0>, ('autogenerated.book.yaml-html_draft-d92c-groupname_final_report.html-9a6d11c5-assets', <compmake.context.Context object at 0x7fee242e17d0>, '140660796161872', False))
parmake_sub_02: result: {'user_object': None, 'user_object_deps': set(), 'new_jobs': [], 'deleted_jobs': set()}
parmake_sub_02: putting result in result_queue..
parmake_sub_02: (done)
parmake_sub_02: ...done.
parmake_sub_02: Listening for job
parmake_sub_02: got job: (<function parmake_job2 at 0x7fee2d7198c0>, ('autogenerated.book.yaml-html_ready-09c0-index.html-05c9ef68-assets', <compmake.context.Context object at 0x7fee242e4fd0>, '140660796161872', False))
parmake_sub_02: result: {'user_object': None, 'user_object_deps': set(), 'new_jobs': [], 'deleted_jobs': set()}
parmake_sub_02: putting result in result_queue..
parmake_sub_02: (done)
parmake_sub_02: ...done.
parmake_sub_02: Listening for job
parmake_sub_02: got job: (<function parmake_job2 at 0x7fee2d7198c0>, ('autogenerated.book.yaml-html_draft-d92c-ncsdk_how_to.html-51db335a-assets', <compmake.context.Context object at 0x7fee242e1c90>, '140660796161872', False))
parmake_sub_02: result: {'user_object': None, 'user_object_deps': set(), 'new_jobs': [], 'deleted_jobs': set()}
parmake_sub_02: putting result in result_queue..
parmake_sub_02: (done)
parmake_sub_02: ...done.
parmake_sub_02: Listening for job
parmake_sub_02: got job: (<function parmake_job2 at 0x7fee2d7198c0>, ('autogenerated.book.yaml-html_ready-09c0-demos_op_manual_eth_amod_19.html-68455cfe-assets', <compmake.context.Context object at 0x7fee242e14d0>, '140660796161872', False))
parmake_sub_02: result: {'user_object': None, 'user_object_deps': set(), 'new_jobs': [], 'deleted_jobs': set()}
parmake_sub_02: putting result in result_queue..
parmake_sub_02: (done)
parmake_sub_02: ...done.
parmake_sub_02: Listening for job
parmake_sub_02: got job: (<function parmake_job2 at 0x7fee2d7198c0>, ('autogenerated.book.yaml-html_draft-d92c-demo_template.html-9f592ed8-assets', <compmake.context.Context object at 0x7fee242e1f90>, '140660796161872', False))
parmake_sub_02: result: {'user_object': None, 'user_object_deps': set(), 'new_jobs': [], 'deleted_jobs': set()}
parmake_sub_02: putting result in result_queue..
parmake_sub_02: (done)
parmake_sub_02: ...done.
parmake_sub_02: Listening for job
parmake_sub_02: got job: (<function parmake_job2 at 0x7fee2d7198c0>, ('autogenerated.book.yaml-html_draft-d92c-wait_assets-2', <compmake.context.Context object at 0x7fee1e1dce90>, '140660796161872', False))
parmake_sub_02: result: {'user_object': None, 'user_object_deps': set(), 'new_jobs': [], 'deleted_jobs': set()}
parmake_sub_02: putting result in result_queue..
parmake_sub_02: (done)
parmake_sub_02: ...done.
parmake_sub_02: Listening for job
parmake_sub_02: got job: (<function parmake_job2 at 0x7fee2d7198c0>, ('autogenerated.book.yaml-html_draft-d92c-_dynreports_getres-2', <compmake.context.Context object at 0x7fee242e17d0>, '140660796161872', False))
parmake_sub_02: result: {'user_object': None, 'user_object_deps': set(), 'new_jobs': [], 'deleted_jobs': set()}
parmake_sub_02: putting result in result_queue..
parmake_sub_02: (done)
parmake_sub_02: ...done.
parmake_sub_02: Listening for job
parmake_sub_02: got job: (<function parmake_job2 at 0x7fee2d7198c0>, ('autogenerated.book.yaml-html_draft-d92c-notification', <compmake.context.Context object at 0x7fee1f5423d0>, '140660796161872', False))
parmake_sub_02: result: {'user_object': None, 'user_object_deps': set(), 'new_jobs': [], 'deleted_jobs': set()}
parmake_sub_02: putting result in result_queue..
parmake_sub_02: (done)
parmake_sub_02: ...done.
parmake_sub_02: Listening for job
parmake_sub_02: got job: (<function parmake_job2 at 0x7fee2d7198c0>, ('autogenerated.book.yaml-html_draft-_dynreports_getres', <compmake.context.Context object at 0x7fee24350850>, '140660796161872', False))
parmake_sub_02: result: {'user_object': None, 'user_object_deps': set(), 'new_jobs': [], 'deleted_jobs': set()}
parmake_sub_02: putting result in result_queue..
parmake_sub_02: (done)
parmake_sub_02: ...done.
parmake_sub_02: Listening for job
parmake_sub_02: got job: (<function parmake_job2 at 0x7fee2d7198c0>, ('autogenerated.book.yaml-html_ready-09c0-notification', <compmake.context.Context object at 0x7fee1de26ad0>, '140660796161872', False))
parmake_sub_02: result: {'user_object': None, 'user_object_deps': set(), 'new_jobs': [], 'deleted_jobs': set()}
parmake_sub_02: putting result in result_queue..
parmake_sub_02: (done)
parmake_sub_02: ...done.
parmake_sub_02: Listening for job
parmake_sub_02: got job: (<function parmake_job2 at 0x7fee2d7198c0>, ('autogenerated.book.yaml-html_ready-_dynreports_getres', <compmake.context.Context object at 0x7fee1de26bd0>, '140660796161872', False))
parmake_sub_02: result: {'user_object': None, 'user_object_deps': set(), 'new_jobs': [], 'deleted_jobs': set()}
parmake_sub_02: putting result in result_queue..
parmake_sub_02: (done)
parmake_sub_02: ...done.
parmake_sub_02: Listening for job
parmake_sub_02: got job: (<function parmake_job2 at 0x7fee2d7198c0>, ('autogenerated.book.yaml-html_ready-write_errors_and_warnings_files', <compmake.context.Context object at 0x7fee1e6fd310>, '140660796161872', False))
parmake_sub_02: result: {'user_object': None, 'user_object_deps': set(), 'new_jobs': [], 'deleted_jobs': set()}
parmake_sub_02: putting result in result_queue..
parmake_sub_02: (done)
parmake_sub_02: ...done.
parmake_sub_02: Listening for job
parmake_sub_02: Received EXIT_TOKEN.
parmake_sub_02: saving coverage
parmake_sub_02: saved coverage
parmake_sub_02: clean exit.
