parmake_sub_00: started pmake_worker()
parmake_sub_00: Listening for job
parmake_sub_00: got job: (<function parmake_job2 at 0x7fee2d7198c0>, ('autogenerated.book.yaml-02_instructions-real-time-object-detection-1c9fd4ad-fb91e0ac', <compmake.context.Context object at 0x7fee24b69a50>, '140660796161872', False))
parmake_sub_00: result: {'user_object': None, 'user_object_deps': set(), 'new_jobs': [], 'deleted_jobs': set()}
parmake_sub_00: putting result in result_queue..
parmake_sub_00: (done)
parmake_sub_00: ...done.
parmake_sub_00: Listening for job
parmake_sub_00: got job: (<function parmake_job2 at 0x7fee2d7198c0>, ('autogenerated.book.yaml-00_caffe_part-6044fc50-a1a4d554-source_info', <compmake.context.Context object at 0x7fee24b78410>, '140660796161872', False))
parmake_sub_00: result: {'user_object': None, 'user_object_deps': set(), 'new_jobs': [], 'deleted_jobs': set()}
parmake_sub_00: putting result in result_queue..
parmake_sub_00: (done)
parmake_sub_00: ...done.
parmake_sub_00: Listening for job
parmake_sub_00: got job: (<function parmake_job2 at 0x7fee2d7198c0>, ('autogenerated.book.yaml-00_project_reports-af2ec6c2-caf9eda0', <compmake.context.Context object at 0x7fee24b65b10>, '140660796161872', False))
parmake_sub_00: result: {'user_object': None, 'user_object_deps': set(), 'new_jobs': [], 'deleted_jobs': set()}
parmake_sub_00: putting result in result_queue..
parmake_sub_00: (done)
parmake_sub_00: ...done.
parmake_sub_00: Listening for job
parmake_sub_00: got job: (<function parmake_job2 at 0x7fee2d7198c0>, ('autogenerated.book.yaml-02_instructions-real-time-object-detection-1c9fd4ad-fb91e0ac-source_info', <compmake.context.Context object at 0x7fee24b69a50>, '140660796161872', False))
parmake_sub_00: result: {'user_object': None, 'user_object_deps': set(), 'new_jobs': [], 'deleted_jobs': set()}
parmake_sub_00: putting result in result_queue..
parmake_sub_00: (done)
parmake_sub_00: ...done.
parmake_sub_00: Listening for job
parmake_sub_00: got job: (<function parmake_job2 at 0x7fee2d7198c0>, ('autogenerated.book.yaml-90_neural_compute_stick-a4dc66d0-44211447-source_info', <compmake.context.Context object at 0x7fee241c1450>, '140660796161872', False))
parmake_sub_00: result: {'user_object': None, 'user_object_deps': set(), 'new_jobs': [], 'deleted_jobs': set()}
parmake_sub_00: putting result in result_queue..
parmake_sub_00: (done)
parmake_sub_00: ...done.
parmake_sub_00: Listening for job
parmake_sub_00: got job: (<function parmake_job2 at 0x7fee2d7198c0>, ('autogenerated.book.yaml-00_demos_op-manual_part-07a37464-ed978404', <compmake.context.Context object at 0x7fee24b78410>, '140660796161872', False))
parmake_sub_00: result: {'user_object': None, 'user_object_deps': set(), 'new_jobs': [], 'deleted_jobs': set()}
parmake_sub_00: putting result in result_queue..
parmake_sub_00: (done)
parmake_sub_00: ...done.
parmake_sub_00: Listening for job
parmake_sub_00: got job: (<function parmake_job2 at 0x7fee2d7198c0>, ('autogenerated.book.yaml-10_op-manual_demoname_template-753e17f9-2a34a1a9', <compmake.context.Context object at 0x7fee2402bd50>, '140660796161872', False))
parmake_sub_00: result: {'user_object': None, 'user_object_deps': set(), 'new_jobs': [], 'deleted_jobs': set()}
parmake_sub_00: putting result in result_queue..
parmake_sub_00: (done)
parmake_sub_00: ...done.
parmake_sub_00: Listening for job
parmake_sub_00: got job: (<function parmake_job2 at 0x7fee2d7198c0>, ('autogenerated.book.yaml-html_ready-context', <compmake.context.Context object at 0x7fee24033410>, '140660796161872', False))
parmake_sub_00: result: {'user_object': None, 'user_object_deps': set(), 'new_jobs': [], 'deleted_jobs': set()}
parmake_sub_00: putting result in result_queue..
parmake_sub_00: (done)
parmake_sub_00: ...done.
parmake_sub_00: Listening for job
parmake_sub_00: got job: (<function parmake_job2 at 0x7fee2d7198c0>, ('autogenerated.book.yaml-html_draft-context', <compmake.context.Context object at 0x7fee24036e50>, '140660796161872', False))
parmake_sub_00: result: {'user_object': None, 'user_object_deps': set(), 'new_jobs': [], 'deleted_jobs': set()}
parmake_sub_00: putting result in result_queue..
parmake_sub_00: (done)
parmake_sub_00: ...done.
parmake_sub_00: Listening for job
parmake_sub_00: got job: (<function parmake_job2 at 0x7fee2d7198c0>, ('autogenerated.book.yaml-pdf_printable-write_manifest_pdf', <compmake.context.Context object at 0x7fee24033410>, '140660796161872', False))
parmake_sub_00: result: {'user_object': None, 'user_object_deps': set(), 'new_jobs': [], 'deleted_jobs': set()}
parmake_sub_00: putting result in result_queue..
parmake_sub_00: (done)
parmake_sub_00: ...done.
parmake_sub_00: Listening for job
parmake_sub_00: got job: (<function parmake_job2 at 0x7fee2d7198c0>, ('autogenerated.book.yaml-html_ready-write_manifest_html', <compmake.context.Context object at 0x7fee24b65b10>, '140660796161872', False))
parmake_sub_00: result: {'user_object': None, 'user_object_deps': set(), 'new_jobs': [], 'deleted_jobs': set()}
parmake_sub_00: putting result in result_queue..
parmake_sub_00: (done)
parmake_sub_00: ...done.
parmake_sub_00: Listening for job
parmake_sub_00: got job: (<function parmake_job2 at 0x7fee2d7198c0>, ('autogenerated.book.yaml-pdf_tablet-write_manifest_pdf', <compmake.context.Context object at 0x7fee1ffde9d0>, '140660796161872', False))
parmake_sub_00: result: {'user_object': None, 'user_object_deps': set(), 'new_jobs': [], 'deleted_jobs': set()}
parmake_sub_00: putting result in result_queue..
parmake_sub_00: (done)
parmake_sub_00: ...done.
parmake_sub_00: Listening for job
parmake_sub_00: got job: (<function parmake_job2 at 0x7fee2d7198c0>, ('autogenerated.book.yaml-html_draft-write_manifest_html', <compmake.context.Context object at 0x7fee241c1450>, '140660796161872', False))
parmake_sub_00: result: {'user_object': None, 'user_object_deps': set(), 'new_jobs': [], 'deleted_jobs': set()}
parmake_sub_00: putting result in result_queue..
parmake_sub_00: (done)
parmake_sub_00: ...done.
parmake_sub_00: Listening for job
parmake_sub_00: Could not receive anything.
parmake_sub_00: Listening for job
parmake_sub_00: Could not receive anything.
parmake_sub_00: Listening for job
parmake_sub_00: got job: (<function parmake_job2 at 0x7fee2d7198c0>, ('autogenerated.book.yaml-join-0-', <compmake.context.Context object at 0x7fee24033410>, '140660796161872', False))
parmake_sub_00: result: {'user_object': None, 'user_object_deps': set(), 'new_jobs': [], 'deleted_jobs': set()}
parmake_sub_00: putting result in result_queue..
parmake_sub_00: (done)
parmake_sub_00: ...done.
parmake_sub_00: Listening for job
parmake_sub_00: got job: (<function parmake_job2 at 0x7fee2d7198c0>, ('autogenerated.book.yaml-html_draft-mark_errors_and_rest', <compmake.context.Context object at 0x7fee24786750>, '140660796161872', False))
parmake_sub_00: result: {'user_object': None, 'user_object_deps': set(), 'new_jobs': [], 'deleted_jobs': set()}
parmake_sub_00: putting result in result_queue..
parmake_sub_00: (done)
parmake_sub_00: ...done.
parmake_sub_00: Listening for job
parmake_sub_00: got job: (<function parmake_job2 at 0x7fee2d7198c0>, ('autogenerated.book.yaml-html_draft-add_style', <compmake.context.Context object at 0x7fee1fb37ad0>, '140660796161872', False))
parmake_sub_00: result: {'user_object': None, 'user_object_deps': set(), 'new_jobs': [], 'deleted_jobs': set()}
parmake_sub_00: putting result in result_queue..
parmake_sub_00: (done)
parmake_sub_00: ...done.
parmake_sub_00: Listening for job
parmake_sub_00: got job: (<function parmake_job2 at 0x7fee2d7198c0>, ('autogenerated.book.yaml-html_draft-get_extra_content', <compmake.context.Context object at 0x7fee1e73ee50>, '140660796161872', False))
parmake_sub_00: result: {'user_object': None, 'user_object_deps': set(), 'new_jobs': [], 'deleted_jobs': set()}
parmake_sub_00: putting result in result_queue..
parmake_sub_00: (done)
parmake_sub_00: ...done.
parmake_sub_00: Listening for job
parmake_sub_00: got job: (<function parmake_job2 at 0x7fee2d7198c0>, ('autogenerated.book.yaml-html_draft-create_split_jobs', <compmake.context.Context object at 0x7fee1facbb90>, '140660796161872', False))
parmake_sub_00: result: {'user_object': None, 'user_object_deps': {'autogenerated.book.yaml-html_draft-d92c-notification', 'autogenerated.book.yaml-html_draft-d92c-_dynreports_merge'}, 'new_jobs': {'autogenerated.book.yaml-html_draft-d92c-_dynreports_getres-2', 'autogenerated.book.yaml-html_draft-d92c-download_reveal', 'autogenerated.book.yaml-html_draft-d92c-_dynreports_merge', 'autogenerated.book.yaml-html_draft-d92c-notification', 'autogenerated.book.yaml-html_draft-d92c-_dynreports_getbra', 'autogenerated.book.yaml-html_draft-d92c-go_worker', 'autogenerated.book.yaml-html_draft-d92c-context', 'autogenerated.book.yaml-html_draft-d92c-_dynreports_getbra-2', 'autogenerated.book.yaml-html_draft-d92c-_dynreports_getres', 'autogenerated.book.yaml-html_draft-d92c-go_worker-2'}, 'deleted_jobs': set()}
parmake_sub_00: putting result in result_queue..
parmake_sub_00: (done)
parmake_sub_00: ...done.
parmake_sub_00: Listening for job
parmake_sub_00: got job: (<function parmake_job2 at 0x7fee2d7198c0>, ('autogenerated.book.yaml-html_draft-d92c-context', <compmake.context.Context object at 0x7fee1efeb190>, '140660796161872', False))
parmake_sub_00: result: {'user_object': None, 'user_object_deps': set(), 'new_jobs': [], 'deleted_jobs': set()}
parmake_sub_00: putting result in result_queue..
parmake_sub_00: (done)
parmake_sub_00: ...done.
parmake_sub_00: Listening for job
parmake_sub_00: got job: (<function parmake_job2 at 0x7fee2d7198c0>, ('autogenerated.book.yaml-html_draft-d92c-go_worker', <compmake.context.Context object at 0x7fee1f1c0790>, '140660796161872', False))
parmake_sub_00: result: {'user_object': None, 'user_object_deps': {'autogenerated.book.yaml-html_draft-d92c-wait_assets'}, 'new_jobs': {'autogenerated.book.yaml-html_draft-d92c-ncsdk_install.html-0b2a518d-assets', 'autogenerated.book.yaml-html_draft-d92c-remove_spurious', 'autogenerated.book.yaml-html_draft-d92c-pytorch_install.html-af6e93dc-assets', 'autogenerated.book.yaml-html_draft-d92c-wait_assets', 'autogenerated.book.yaml-html_draft-d92c-final_reports_eth_amod_19.html-12da928a-assets', 'autogenerated.book.yaml-html_draft-d92c-instructions_groupname_duplicate_140660783147600.html-8c5839a2-assets', 'autogenerated.book.yaml-html_draft-d92c-extra.html-c9a73b52-assets', 'autogenerated.book.yaml-html_draft-d92c-index.html-68821aea-assets', 'autogenerated.book.yaml-html_draft-d92c-instructions_groupname.html-de92e0ff-assets', 'autogenerated.book.yaml-html_draft-d92c-demos_op_manual_eth_amod_19.html-88e877c3-assets'}, 'deleted_jobs': set()}
parmake_sub_00: putting result in result_queue..
parmake_sub_00: (done)
parmake_sub_00: ...done.
parmake_sub_00: Listening for job
parmake_sub_00: got job: (<function parmake_job2 at 0x7fee2d7198c0>, ('autogenerated.book.yaml-html_draft-d92c-remove_spurious', <compmake.context.Context object at 0x7fee1fd58bd0>, '140660796161872', False))
parmake_sub_00: result: {'user_object': None, 'user_object_deps': set(), 'new_jobs': [], 'deleted_jobs': set()}
parmake_sub_00: putting result in result_queue..
parmake_sub_00: (done)
parmake_sub_00: ...done.
parmake_sub_00: Listening for job
parmake_sub_00: got job: (<function parmake_job2 at 0x7fee2d7198c0>, ('autogenerated.book.yaml-pdf_printable-render_pdf', <compmake.context.Context object at 0x7fee1efeb110>, '140660796161872', False))
parmake_sub_00: result: {'user_object': None, 'user_object_deps': set(), 'new_jobs': [], 'deleted_jobs': set()}
parmake_sub_00: putting result in result_queue..
parmake_sub_00: (done)
parmake_sub_00: ...done.
parmake_sub_00: Listening for job
parmake_sub_00: got job: (<function parmake_job2 at 0x7fee2d7198c0>, ('autogenerated.book.yaml-pdf_printable-write_bytes_to_file', <compmake.context.Context object at 0x7fee1fd560d0>, '140660796161872', False))
parmake_sub_00: result: {'user_object': None, 'user_object_deps': set(), 'new_jobs': [], 'deleted_jobs': set()}
parmake_sub_00: putting result in result_queue..
parmake_sub_00: (done)
parmake_sub_00: ...done.
parmake_sub_00: Listening for job
parmake_sub_00: got job: (<function parmake_job2 at 0x7fee2d7198c0>, ('autogenerated.book.yaml-html_draft-d92c-instructions_groupname.html-de92e0ff-assets', <compmake.context.Context object at 0x7fee1efea0d0>, '140660796161872', False))
parmake_sub_00: result: {'user_object': None, 'user_object_deps': set(), 'new_jobs': [], 'deleted_jobs': set()}
parmake_sub_00: putting result in result_queue..
parmake_sub_00: (done)
parmake_sub_00: ...done.
parmake_sub_00: Listening for job
parmake_sub_00: got job: (<function parmake_job2 at 0x7fee2d7198c0>, ('autogenerated.book.yaml-html_draft-d92c-index.html-68821aea-assets', <compmake.context.Context object at 0x7fee1efea710>, '140660796161872', False))
parmake_sub_00: result: {'user_object': None, 'user_object_deps': set(), 'new_jobs': [], 'deleted_jobs': set()}
parmake_sub_00: putting result in result_queue..
parmake_sub_00: (done)
parmake_sub_00: ...done.
parmake_sub_00: Listening for job
parmake_sub_00: got job: (<function parmake_job2 at 0x7fee2d7198c0>, ('autogenerated.book.yaml-html_draft-d92c-final_reports_eth_amod_19.html-12da928a-assets', <compmake.context.Context object at 0x7fee1fd589d0>, '140660796161872', False))
parmake_sub_00: result: {'user_object': None, 'user_object_deps': set(), 'new_jobs': [], 'deleted_jobs': set()}
parmake_sub_00: putting result in result_queue..
parmake_sub_00: (done)
parmake_sub_00: ...done.
parmake_sub_00: Listening for job
parmake_sub_00: got job: (<function parmake_job2 at 0x7fee2d7198c0>, ('autogenerated.book.yaml-html_ready-09c0-real_time_object_detection_final_report.html-b5442d8a-assets', <compmake.context.Context object at 0x7fee1eff0d50>, '140660796161872', False))
parmake_sub_00: result: {'user_object': None, 'user_object_deps': set(), 'new_jobs': [], 'deleted_jobs': set()}
parmake_sub_00: putting result in result_queue..
parmake_sub_00: (done)
parmake_sub_00: ...done.
parmake_sub_00: Listening for job
parmake_sub_00: got job: (<function parmake_job2 at 0x7fee2d7198c0>, ('autogenerated.book.yaml-html_draft-d92c-download_reveal', <compmake.context.Context object at 0x7fee1efea690>, '140660796161872', False))
parmake_sub_00: result: {'user_object': None, 'user_object_deps': set(), 'new_jobs': [], 'deleted_jobs': set()}
parmake_sub_00: putting result in result_queue..
parmake_sub_00: (done)
parmake_sub_00: ...done.
parmake_sub_00: Listening for job
parmake_sub_00: got job: (<function parmake_job2 at 0x7fee2d7198c0>, ('autogenerated.book.yaml-html_ready-09c0-caffe_tensorflow_install.html-002b6750-assets', <compmake.context.Context object at 0x7fee1efea710>, '140660796161872', False))
parmake_sub_00: result: {'user_object': None, 'user_object_deps': set(), 'new_jobs': [], 'deleted_jobs': set()}
parmake_sub_00: putting result in result_queue..
parmake_sub_00: (done)
parmake_sub_00: ...done.
parmake_sub_00: Listening for job
parmake_sub_00: got job: (<function parmake_job2 at 0x7fee2d7198c0>, ('autogenerated.book.yaml-html_ready-09c0-wait_assets', <compmake.context.Context object at 0x7fee1efea0d0>, '140660796161872', False))
parmake_sub_00: result: {'user_object': None, 'user_object_deps': set(), 'new_jobs': [], 'deleted_jobs': set()}
parmake_sub_00: putting result in result_queue..
parmake_sub_00: (done)
parmake_sub_00: ...done.
parmake_sub_00: Listening for job
parmake_sub_00: got job: (<function parmake_job2 at 0x7fee2d7198c0>, ('autogenerated.book.yaml-html_ready-09c0-_dynreports_getbra-2', <compmake.context.Context object at 0x7fee1e0f0dd0>, '140660796161872', False))
parmake_sub_00: result: {'user_object': None, 'user_object_deps': set(), 'new_jobs': [], 'deleted_jobs': set()}
parmake_sub_00: putting result in result_queue..
parmake_sub_00: (done)
parmake_sub_00: ...done.
parmake_sub_00: Listening for job
parmake_sub_00: got job: (<function parmake_job2 at 0x7fee2d7198c0>, ('autogenerated.book.yaml-html_ready-09c0-_dynreports_getres-2', <compmake.context.Context object at 0x7fee1deeff50>, '140660796161872', False))
parmake_sub_00: result: {'user_object': None, 'user_object_deps': set(), 'new_jobs': [], 'deleted_jobs': set()}
parmake_sub_00: putting result in result_queue..
parmake_sub_00: (done)
parmake_sub_00: ...done.
parmake_sub_00: Listening for job
parmake_sub_00: got job: (<function parmake_job2 at 0x7fee2d7198c0>, ('autogenerated.book.yaml-html_draft-d92c-remove_spurious-2', <compmake.context.Context object at 0x7fee1faf5090>, '140660796161872', False))
parmake_sub_00: result: {'user_object': None, 'user_object_deps': set(), 'new_jobs': [], 'deleted_jobs': set()}
parmake_sub_00: putting result in result_queue..
parmake_sub_00: (done)
parmake_sub_00: ...done.
parmake_sub_00: Listening for job
parmake_sub_00: got job: (<function parmake_job2 at 0x7fee2d7198c0>, ('autogenerated.book.yaml-html_ready-09c0-remove_spurious-2', <compmake.context.Context object at 0x7fee1fd58a90>, '140660796161872', False))
parmake_sub_00: result: {'user_object': None, 'user_object_deps': set(), 'new_jobs': [], 'deleted_jobs': set()}
parmake_sub_00: putting result in result_queue..
parmake_sub_00: (done)
parmake_sub_00: ...done.
parmake_sub_00: Listening for job
parmake_sub_00: got job: (<function parmake_job2 at 0x7fee2d7198c0>, ('autogenerated.book.yaml-html_ready-09c0-instructions_groupname_duplicate_140660700469072.html-bc930383-assets', <compmake.context.Context object at 0x7fee1fd58bd0>, '140660796161872', False))
parmake_sub_00: result: {'user_object': None, 'user_object_deps': set(), 'new_jobs': [], 'deleted_jobs': set()}
parmake_sub_00: putting result in result_queue..
parmake_sub_00: (done)
parmake_sub_00: ...done.
parmake_sub_00: Listening for job
parmake_sub_00: got job: (<function parmake_job2 at 0x7fee2d7198c0>, ('autogenerated.book.yaml-html_ready-09c0-extra.html-d8317ad3-assets', <compmake.context.Context object at 0x7fee1fd587d0>, '140660796161872', False))
parmake_sub_00: result: {'user_object': None, 'user_object_deps': set(), 'new_jobs': [], 'deleted_jobs': set()}
parmake_sub_00: putting result in result_queue..
parmake_sub_00: (done)
parmake_sub_00: ...done.
parmake_sub_00: Listening for job
parmake_sub_00: got job: (<function parmake_job2 at 0x7fee2d7198c0>, ('autogenerated.book.yaml-html_draft-d92c-template_final_report_amod_19.html-3976ee67-assets', <compmake.context.Context object at 0x7fee1deefe90>, '140660796161872', False))
parmake_sub_00: result: {'user_object': None, 'user_object_deps': set(), 'new_jobs': [], 'deleted_jobs': set()}
parmake_sub_00: putting result in result_queue..
parmake_sub_00: (done)
parmake_sub_00: ...done.
parmake_sub_00: Listening for job
parmake_sub_00: got job: (<function parmake_job2 at 0x7fee2d7198c0>, ('autogenerated.book.yaml-html_draft-d92c-caffe_tensorflow.html-53251fb0-assets', <compmake.context.Context object at 0x7fee1fd58a90>, '140660796161872', False))
parmake_sub_00: result: {'user_object': None, 'user_object_deps': set(), 'new_jobs': [], 'deleted_jobs': set()}
parmake_sub_00: putting result in result_queue..
parmake_sub_00: (done)
parmake_sub_00: ...done.
parmake_sub_00: Listening for job
parmake_sub_00: got job: (<function parmake_job2 at 0x7fee2d7198c0>, ('autogenerated.book.yaml-html_ready-09c0-final_reports_eth_amod_19.html-ea08a917-assets', <compmake.context.Context object at 0x7fee1fd589d0>, '140660796161872', False))
parmake_sub_00: result: {'user_object': None, 'user_object_deps': set(), 'new_jobs': [], 'deleted_jobs': set()}
parmake_sub_00: putting result in result_queue..
parmake_sub_00: (done)
parmake_sub_00: ...done.
parmake_sub_00: Listening for job
parmake_sub_00: got job: (<function parmake_job2 at 0x7fee2d7198c0>, ('autogenerated.book.yaml-html_draft-d92c-_dynreports_getbra-2', <compmake.context.Context object at 0x7fee1fd58bd0>, '140660796161872', False))
parmake_sub_00: result: {'user_object': None, 'user_object_deps': set(), 'new_jobs': [], 'deleted_jobs': set()}
parmake_sub_00: putting result in result_queue..
parmake_sub_00: (done)
parmake_sub_00: ...done.
parmake_sub_00: Listening for job
parmake_sub_00: got job: (<function parmake_job2 at 0x7fee2d7198c0>, ('autogenerated.book.yaml-html_draft-d92c-_dynreports_merge', <compmake.context.Context object at 0x7fee1e0ef450>, '140660796161872', False))
parmake_sub_00: result: {'user_object': None, 'user_object_deps': set(), 'new_jobs': [], 'deleted_jobs': set()}
parmake_sub_00: putting result in result_queue..
parmake_sub_00: (done)
parmake_sub_00: ...done.
parmake_sub_00: Listening for job
parmake_sub_00: got job: (<function parmake_job2 at 0x7fee2d7198c0>, ('autogenerated.book.yaml-html_draft-_dynreports_getbra', <compmake.context.Context object at 0x7fee1fd58bd0>, '140660796161872', False))
parmake_sub_00: result: {'user_object': None, 'user_object_deps': set(), 'new_jobs': [], 'deleted_jobs': set()}
parmake_sub_00: putting result in result_queue..
parmake_sub_00: (done)
parmake_sub_00: ...done.
parmake_sub_00: Listening for job
parmake_sub_00: got job: (<function parmake_job2 at 0x7fee2d7198c0>, ('autogenerated.book.yaml-html_draft-write_errors_and_warnings_files', <compmake.context.Context object at 0x7fee1e0d6fd0>, '140660796161872', False))
parmake_sub_00: result: {'user_object': None, 'user_object_deps': set(), 'new_jobs': [], 'deleted_jobs': set()}
parmake_sub_00: putting result in result_queue..
parmake_sub_00: (done)
parmake_sub_00: ...done.
parmake_sub_00: Listening for job
parmake_sub_00: Received EXIT_TOKEN.
parmake_sub_00: saving coverage
parmake_sub_00: saved coverage
parmake_sub_00: clean exit.
