parmake_sub_01: started pmake_worker()
parmake_sub_01: Listening for job
parmake_sub_01: got job: (<function parmake_job2 at 0x7f551edf78c0>, ('autogenerated.book.yaml-01_project-report-groupname-dd6d5676-2414ce46-source_info', <compmake.context.Context object at 0x7f55162359d0>, '140003421696912', False))
parmake_sub_01: result: {'user_object': None, 'user_object_deps': set(), 'new_jobs': [], 'deleted_jobs': set()}
parmake_sub_01: putting result in result_queue..
parmake_sub_01: (done)
parmake_sub_01: ...done.
parmake_sub_01: Listening for job
parmake_sub_01: got job: (<function parmake_job2 at 0x7f551edf78c0>, ('autogenerated.book.yaml-01_project-report-groupname-dd6d5676-2414ce46', <compmake.context.Context object at 0x7f5515dfc6d0>, '140003421696912', False))
parmake_sub_01: result: {'user_object': None, 'user_object_deps': set(), 'new_jobs': [], 'deleted_jobs': set()}
parmake_sub_01: putting result in result_queue..
parmake_sub_01: (done)
parmake_sub_01: ...done.
parmake_sub_01: Listening for job
parmake_sub_01: got job: (<function parmake_job2 at 0x7f551edf78c0>, ('autogenerated.book.yaml-00_demos_op-manual_part-07a37464-ed978404', <compmake.context.Context object at 0x7f5515d95550>, '140003421696912', False))
parmake_sub_01: result: {'user_object': None, 'user_object_deps': set(), 'new_jobs': [], 'deleted_jobs': set()}
parmake_sub_01: putting result in result_queue..
parmake_sub_01: (done)
parmake_sub_01: ...done.
parmake_sub_01: Listening for job
parmake_sub_01: got job: (<function parmake_job2 at 0x7f551edf78c0>, ('autogenerated.book.yaml-00_caffe_part-6044fc50-a1a4d554-source_info', <compmake.context.Context object at 0x7f5515d95a50>, '140003421696912', False))
parmake_sub_01: result: {'user_object': None, 'user_object_deps': set(), 'new_jobs': [], 'deleted_jobs': set()}
parmake_sub_01: putting result in result_queue..
parmake_sub_01: (done)
parmake_sub_01: ...done.
parmake_sub_01: Listening for job
parmake_sub_01: got job: (<function parmake_job2 at 0x7f551edf78c0>, ('autogenerated.book.yaml-index-e5b95936-14310273', <compmake.context.Context object at 0x7f5515defd50>, '140003421696912', False))
parmake_sub_01: result: {'user_object': None, 'user_object_deps': set(), 'new_jobs': [], 'deleted_jobs': set()}
parmake_sub_01: putting result in result_queue..
parmake_sub_01: (done)
parmake_sub_01: ...done.
parmake_sub_01: Listening for job
parmake_sub_01: got job: (<function parmake_job2 at 0x7f551edf78c0>, ('autogenerated.book.yaml-00_project_reports-af2ec6c2-caf9eda0-source_info', <compmake.context.Context object at 0x7f551740a950>, '140003421696912', False))
parmake_sub_01: result: {'user_object': None, 'user_object_deps': set(), 'new_jobs': [], 'deleted_jobs': set()}
parmake_sub_01: putting result in result_queue..
parmake_sub_01: (done)
parmake_sub_01: ...done.
parmake_sub_01: Listening for job
parmake_sub_01: got job: (<function parmake_job2 at 0x7f551edf78c0>, ('autogenerated.book.yaml-00_caffe_part-6044fc50-a1a4d554', <compmake.context.Context object at 0x7f5517190b50>, '140003421696912', False))
parmake_sub_01: result: {'user_object': None, 'user_object_deps': set(), 'new_jobs': [], 'deleted_jobs': set()}
parmake_sub_01: putting result in result_queue..
parmake_sub_01: (done)
parmake_sub_01: ...done.
parmake_sub_01: Listening for job
parmake_sub_01: got job: (<function parmake_job2 at 0x7f551edf78c0>, ('autogenerated.book.yaml-index-e5b95936-14310273-source_info', <compmake.context.Context object at 0x7f5516365f90>, '140003421696912', False))
parmake_sub_01: result: {'user_object': None, 'user_object_deps': set(), 'new_jobs': [], 'deleted_jobs': set()}
parmake_sub_01: putting result in result_queue..
parmake_sub_01: (done)
parmake_sub_01: ...done.
parmake_sub_01: Listening for job
parmake_sub_01: got job: (<function parmake_job2 at 0x7f551edf78c0>, ('autogenerated.book.yaml-10_final-report-groupname-template-fab74319-8192826e', <compmake.context.Context object at 0x7f551740a950>, '140003421696912', False))
parmake_sub_01: result: {'user_object': None, 'user_object_deps': set(), 'new_jobs': [], 'deleted_jobs': set()}
parmake_sub_01: putting result in result_queue..
parmake_sub_01: (done)
parmake_sub_01: ...done.
parmake_sub_01: Listening for job
parmake_sub_01: got job: (<function parmake_job2 at 0x7f551edf78c0>, ('autogenerated.book.yaml-join-0-', <compmake.context.Context object at 0x7f55162359d0>, '140003421696912', False))
parmake_sub_01: result: {'user_object': None, 'user_object_deps': set(), 'new_jobs': [], 'deleted_jobs': set()}
parmake_sub_01: putting result in result_queue..
parmake_sub_01: (done)
parmake_sub_01: ...done.
parmake_sub_01: Listening for job
parmake_sub_01: got job: (<function parmake_job2 at 0x7f551edf78c0>, ('autogenerated.book.yaml-html_ready-mark_errors_and_rest', <compmake.context.Context object at 0x7f55172a16d0>, '140003421696912', False))
parmake_sub_01: result: {'user_object': None, 'user_object_deps': set(), 'new_jobs': [], 'deleted_jobs': set()}
parmake_sub_01: putting result in result_queue..
parmake_sub_01: (done)
parmake_sub_01: ...done.
parmake_sub_01: Listening for job
parmake_sub_01: got job: (<function parmake_job2 at 0x7f551edf78c0>, ('autogenerated.book.yaml-html_ready-add_style', <compmake.context.Context object at 0x7f551484d2d0>, '140003421696912', False))
parmake_sub_01: result: {'user_object': None, 'user_object_deps': set(), 'new_jobs': [], 'deleted_jobs': set()}
parmake_sub_01: putting result in result_queue..
parmake_sub_01: (done)
parmake_sub_01: ...done.
parmake_sub_01: Listening for job
parmake_sub_01: got job: (<function parmake_job2 at 0x7f551edf78c0>, ('autogenerated.book.yaml-html_ready-get_extra_content', <compmake.context.Context object at 0x7f5515346e50>, '140003421696912', False))
parmake_sub_01: result: {'user_object': None, 'user_object_deps': set(), 'new_jobs': [], 'deleted_jobs': set()}
parmake_sub_01: putting result in result_queue..
parmake_sub_01: (done)
parmake_sub_01: ...done.
parmake_sub_01: Listening for job
parmake_sub_01: got job: (<function parmake_job2 at 0x7f551edf78c0>, ('autogenerated.book.yaml-html_ready-create_split_jobs', <compmake.context.Context object at 0x7f55148aa290>, '140003421696912', False))
parmake_sub_01: result: {'user_object': None, 'user_object_deps': {'autogenerated.book.yaml-html_ready-3379-_dynreports_merge', 'autogenerated.book.yaml-html_ready-3379-notification'}, 'new_jobs': {'autogenerated.book.yaml-html_ready-3379-go_worker-2', 'autogenerated.book.yaml-html_ready-3379-go_worker', 'autogenerated.book.yaml-html_ready-3379-_dynreports_getres', 'autogenerated.book.yaml-html_ready-3379-_dynreports_getres-2', 'autogenerated.book.yaml-html_ready-3379-_dynreports_merge', 'autogenerated.book.yaml-html_ready-3379-download_reveal', 'autogenerated.book.yaml-html_ready-3379-_dynreports_getbra', 'autogenerated.book.yaml-html_ready-3379-context', 'autogenerated.book.yaml-html_ready-3379-_dynreports_getbra-2', 'autogenerated.book.yaml-html_ready-3379-notification'}, 'deleted_jobs': set()}
parmake_sub_01: putting result in result_queue..
parmake_sub_01: (done)
parmake_sub_01: ...done.
parmake_sub_01: Listening for job
parmake_sub_01: got job: (<function parmake_job2 at 0x7f551edf78c0>, ('autogenerated.book.yaml-html_ready-3379-context', <compmake.context.Context object at 0x7f55154d41d0>, '140003421696912', False))
parmake_sub_01: result: {'user_object': None, 'user_object_deps': set(), 'new_jobs': [], 'deleted_jobs': set()}
parmake_sub_01: putting result in result_queue..
parmake_sub_01: (done)
parmake_sub_01: ...done.
parmake_sub_01: Listening for job
parmake_sub_01: got job: (<function parmake_job2 at 0x7f551edf78c0>, ('autogenerated.book.yaml-html_ready-3379-go_worker-2', <compmake.context.Context object at 0x7f55154d42d0>, '140003421696912', False))
parmake_sub_01: result: {'user_object': None, 'user_object_deps': {'autogenerated.book.yaml-html_ready-3379-wait_assets'}, 'new_jobs': {'autogenerated.book.yaml-html_ready-3379-real_time_object_detection_final_report.html-1e74478b-assets', 'autogenerated.book.yaml-html_ready-3379-write_crossref_info', 'autogenerated.book.yaml-html_ready-3379-ncsdk_how_to.html-f6928238-assets', 'autogenerated.book.yaml-html_ready-3379-groupname_final_report.html-6cae349e-assets', 'autogenerated.book.yaml-html_ready-3379-caffe_tensorflow_install.html-a7becae6-assets', 'autogenerated.book.yaml-html_ready-3379-remove_spurious', 'autogenerated.book.yaml-html_ready-3379-template_final_report_amod_19.html-e61dd599-assets', 'autogenerated.book.yaml-html_ready-3379-caffe_tensorflow.html-915842d0-assets', 'autogenerated.book.yaml-html_ready-3379-wait_assets', 'autogenerated.book.yaml-html_ready-3379-demo_template.html-6658a436-assets'}, 'deleted_jobs': set()}
parmake_sub_01: putting result in result_queue..
parmake_sub_01: (done)
parmake_sub_01: ...done.
parmake_sub_01: Listening for job
parmake_sub_01: got job: (<function parmake_job2 at 0x7f551edf78c0>, ('autogenerated.book.yaml-html_ready-3379-remove_spurious', <compmake.context.Context object at 0x7f5515346690>, '140003421696912', False))
parmake_sub_01: result: {'user_object': None, 'user_object_deps': set(), 'new_jobs': [], 'deleted_jobs': set()}
parmake_sub_01: putting result in result_queue..
parmake_sub_01: (done)
parmake_sub_01: ...done.
parmake_sub_01: Listening for job
parmake_sub_01: got job: (<function parmake_job2 at 0x7f551edf78c0>, ('autogenerated.book.yaml-html_ready-3379-write_crossref_info', <compmake.context.Context object at 0x7f55154d4290>, '140003421696912', False))
parmake_sub_01: result: {'user_object': None, 'user_object_deps': set(), 'new_jobs': [], 'deleted_jobs': set()}
parmake_sub_01: putting result in result_queue..
parmake_sub_01: (done)
parmake_sub_01: ...done.
parmake_sub_01: Listening for job
parmake_sub_01: got job: (<function parmake_job2 at 0x7f551edf78c0>, ('autogenerated.book.yaml-pdf_printable-render_pdf', <compmake.context.Context object at 0x7f55154d4410>, '140003421696912', False))
parmake_sub_01: result: {'user_object': None, 'user_object_deps': set(), 'new_jobs': [], 'deleted_jobs': set()}
parmake_sub_01: putting result in result_queue..
parmake_sub_01: (done)
parmake_sub_01: ...done.
parmake_sub_01: Listening for job
parmake_sub_01: got job: (<function parmake_job2 at 0x7f551edf78c0>, ('autogenerated.book.yaml-pdf_printable-write_bytes_to_file', <compmake.context.Context object at 0x7f551470fed0>, '140003421696912', False))
parmake_sub_01: result: {'user_object': None, 'user_object_deps': set(), 'new_jobs': [], 'deleted_jobs': set()}
parmake_sub_01: putting result in result_queue..
parmake_sub_01: (done)
parmake_sub_01: ...done.
parmake_sub_01: Listening for job
parmake_sub_01: got job: (<function parmake_job2 at 0x7f551edf78c0>, ('autogenerated.book.yaml-html_ready-3379-download_reveal', <compmake.context.Context object at 0x7f55145d7d50>, '140003421696912', False))
parmake_sub_01: result: {'user_object': None, 'user_object_deps': set(), 'new_jobs': [], 'deleted_jobs': set()}
parmake_sub_01: putting result in result_queue..
parmake_sub_01: (done)
parmake_sub_01: ...done.
parmake_sub_01: Listening for job
parmake_sub_01: got job: (<function parmake_job2 at 0x7f551edf78c0>, ('autogenerated.book.yaml-html_draft-b3e1-instructions_groupname_duplicate_140003391867152.html-78e3de91-assets', <compmake.context.Context object at 0x7f5515284d10>, '140003421696912', False))
parmake_sub_01: result: {'user_object': None, 'user_object_deps': set(), 'new_jobs': [], 'deleted_jobs': set()}
parmake_sub_01: putting result in result_queue..
parmake_sub_01: (done)
parmake_sub_01: ...done.
parmake_sub_01: Listening for job
parmake_sub_01: got job: (<function parmake_job2 at 0x7f551edf78c0>, ('autogenerated.book.yaml-html_draft-b3e1-final_reports_eth_amod_19.html-df9cfcb3-assets', <compmake.context.Context object at 0x7f5514713b90>, '140003421696912', False))
parmake_sub_01: result: {'user_object': None, 'user_object_deps': set(), 'new_jobs': [], 'deleted_jobs': set()}
parmake_sub_01: putting result in result_queue..
parmake_sub_01: (done)
parmake_sub_01: ...done.
parmake_sub_01: Listening for job
parmake_sub_01: got job: (<function parmake_job2 at 0x7f551edf78c0>, ('autogenerated.book.yaml-html_ready-3379-demo_template.html-6658a436-assets', <compmake.context.Context object at 0x7f550f9aad90>, '140003421696912', False))
parmake_sub_01: result: {'user_object': None, 'user_object_deps': set(), 'new_jobs': [], 'deleted_jobs': set()}
parmake_sub_01: putting result in result_queue..
parmake_sub_01: (done)
parmake_sub_01: ...done.
parmake_sub_01: Listening for job
parmake_sub_01: got job: (<function parmake_job2 at 0x7f551edf78c0>, ('autogenerated.book.yaml-html_draft-b3e1-download_reveal', <compmake.context.Context object at 0x7f550fce77d0>, '140003421696912', False))
parmake_sub_01: result: {'user_object': None, 'user_object_deps': set(), 'new_jobs': [], 'deleted_jobs': set()}
parmake_sub_01: putting result in result_queue..
parmake_sub_01: (done)
parmake_sub_01: ...done.
parmake_sub_01: Listening for job
parmake_sub_01: got job: (<function parmake_job2 at 0x7f551edf78c0>, ('autogenerated.book.yaml-html_draft-b3e1-instructions_groupname.html-07ade645-assets', <compmake.context.Context object at 0x7f5514713b90>, '140003421696912', False))
parmake_sub_01: result: {'user_object': None, 'user_object_deps': set(), 'new_jobs': [], 'deleted_jobs': set()}
parmake_sub_01: putting result in result_queue..
parmake_sub_01: (done)
parmake_sub_01: ...done.
parmake_sub_01: Listening for job
parmake_sub_01: got job: (<function parmake_job2 at 0x7f551edf78c0>, ('autogenerated.book.yaml-html_draft-b3e1-extra.html-c86891a2-assets', <compmake.context.Context object at 0x7f550f9aac50>, '140003421696912', False))
parmake_sub_01: result: {'user_object': None, 'user_object_deps': set(), 'new_jobs': [], 'deleted_jobs': set()}
parmake_sub_01: putting result in result_queue..
parmake_sub_01: (done)
parmake_sub_01: ...done.
parmake_sub_01: Listening for job
parmake_sub_01: got job: (<function parmake_job2 at 0x7f551edf78c0>, ('autogenerated.book.yaml-html_ready-3379-write_crossref_info-2', <compmake.context.Context object at 0x7f5514713b90>, '140003421696912', False))
parmake_sub_01: result: {'user_object': None, 'user_object_deps': set(), 'new_jobs': [], 'deleted_jobs': set()}
parmake_sub_01: putting result in result_queue..
parmake_sub_01: (done)
parmake_sub_01: ...done.
parmake_sub_01: Listening for job
parmake_sub_01: got job: (<function parmake_job2 at 0x7f551edf78c0>, ('autogenerated.book.yaml-html_ready-3379-demos_op_manual_eth_amod_19.html-413f3f20-assets', <compmake.context.Context object at 0x7f550f9aac50>, '140003421696912', False))
parmake_sub_01: result: {'user_object': None, 'user_object_deps': set(), 'new_jobs': [], 'deleted_jobs': set()}
parmake_sub_01: putting result in result_queue..
parmake_sub_01: (done)
parmake_sub_01: ...done.
parmake_sub_01: Listening for job
parmake_sub_01: got job: (<function parmake_job2 at 0x7f551edf78c0>, ('autogenerated.book.yaml-html_ready-3379-instructions_groupname_duplicate_140003393834384.html-a7a79636-assets', <compmake.context.Context object at 0x7f551505bfd0>, '140003421696912', False))
parmake_sub_01: result: {'user_object': None, 'user_object_deps': set(), 'new_jobs': [], 'deleted_jobs': set()}
parmake_sub_01: putting result in result_queue..
parmake_sub_01: (done)
parmake_sub_01: ...done.
parmake_sub_01: Listening for job
parmake_sub_01: got job: (<function parmake_job2 at 0x7f551edf78c0>, ('autogenerated.book.yaml-html_draft-b3e1-wait_assets-2', <compmake.context.Context object at 0x7f550f9aad90>, '140003421696912', False))
parmake_sub_01: result: {'user_object': None, 'user_object_deps': set(), 'new_jobs': [], 'deleted_jobs': set()}
parmake_sub_01: putting result in result_queue..
parmake_sub_01: (done)
parmake_sub_01: ...done.
parmake_sub_01: Listening for job
parmake_sub_01: got job: (<function parmake_job2 at 0x7f551edf78c0>, ('autogenerated.book.yaml-html_draft-b3e1-_dynreports_getres-2', <compmake.context.Context object at 0x7f55152d4fd0>, '140003421696912', False))
parmake_sub_01: result: {'user_object': None, 'user_object_deps': set(), 'new_jobs': [], 'deleted_jobs': set()}
parmake_sub_01: putting result in result_queue..
parmake_sub_01: (done)
parmake_sub_01: ...done.
parmake_sub_01: Listening for job
parmake_sub_01: got job: (<function parmake_job2 at 0x7f551edf78c0>, ('autogenerated.book.yaml-html_draft-b3e1-notification', <compmake.context.Context object at 0x7f5514f79e90>, '140003421696912', False))
parmake_sub_01: result: {'user_object': None, 'user_object_deps': set(), 'new_jobs': [], 'deleted_jobs': set()}
parmake_sub_01: putting result in result_queue..
parmake_sub_01: (done)
parmake_sub_01: ...done.
parmake_sub_01: Listening for job
parmake_sub_01: got job: (<function parmake_job2 at 0x7f551edf78c0>, ('autogenerated.book.yaml-html_draft-_dynreports_getbra', <compmake.context.Context object at 0x7f5514f79ed0>, '140003421696912', False))
parmake_sub_01: result: {'user_object': None, 'user_object_deps': set(), 'new_jobs': [], 'deleted_jobs': set()}
parmake_sub_01: putting result in result_queue..
parmake_sub_01: (done)
parmake_sub_01: ...done.
parmake_sub_01: Listening for job
parmake_sub_01: got job: (<function parmake_job2 at 0x7f551edf78c0>, ('autogenerated.book.yaml-html_ready-write_errors_and_warnings_files', <compmake.context.Context object at 0x7f5514f82850>, '140003421696912', False))
parmake_sub_01: result: {'user_object': None, 'user_object_deps': set(), 'new_jobs': [], 'deleted_jobs': set()}
parmake_sub_01: putting result in result_queue..
parmake_sub_01: (done)
parmake_sub_01: ...done.
parmake_sub_01: Listening for job
parmake_sub_01: Received EXIT_TOKEN.
parmake_sub_01: saving coverage
parmake_sub_01: saved coverage
parmake_sub_01: clean exit.
